<?xml version="1.0" encoding="UTF-8"?>
<robot generator="Robot 4.1.3 (Python 3.9.9 on darwin)" generated="20220131 09:45:13.892" rpa="false" schemaversion="2">
<suite id="s1" name="CreateHotPeppers" source="/Users/igordias/IdeaProjects/nbcc-apihotpeppers/CreateHotPeppers.robot">
<test id="s1-t1" name="Should register a new Hot Pepper">
<kw name="Create Dictionary" library="BuiltIn">
<var>&amp;{hotpeppers}</var>
<arg>brandName=Cholula</arg>
<arg>sauceName=Original</arg>
<arg>description=Cholula Original Hot Sauce is created from a generations old recipe that features carefully-selectedarbol</arg>
<arg>url=https://www.cholula.com/original.html</arg>
<arg>heat=3600</arg>
<doc>Creates and returns a dictionary based on the given ``items``.</doc>
<msg timestamp="20220131 09:45:14.044" level="INFO">&amp;{hotpeppers} = { brandName=Cholula | sauceName=Original | description=Cholula Original Hot Sauce is created from a generations old recipe that features carefully-selectedarbol | url=https://www.cholula.com/original....</msg>
<status status="PASS" starttime="20220131 09:45:14.043" endtime="20220131 09:45:14.044"/>
</kw>
<kw name="POST" library="RequestsLibrary">
<arg>${base_url}/api/hotpeppers/</arg>
<arg>json=${hotpeppers}</arg>
<doc>Sends a POST request.</doc>
<msg timestamp="20220131 09:45:14.370" level="INFO">POST Request : url=https://apiqanbccproject.herokuapp.com/api/hotpeppers/ 
 path_url=/api/hotpeppers/ 
 headers={'User-Agent': 'python-requests/2.27.1', 'Accept-Encoding': 'gzip, deflate', 'Accept': '*/*', 'Connection': 'keep-alive', 'Content-Length': '237', 'Content-Type': 'application/json'} 
 body=b'{"brandName": "Cholula", "sauceName": "Original", "description": "Cholula Original Hot Sauce is created from a generations old recipe that features carefully-selectedarbol", "url": "https://www.cholula.com/original.html", "heat": "3600"}' 
 </msg>
<msg timestamp="20220131 09:45:14.370" level="INFO">POST Response : url=https://apiqanbccproject.herokuapp.com/api/hotpeppers/ 
 status=201, reason= 
 headers={'Server': 'Cowboy', 'Connection': 'keep-alive', 'X-Content-Type-Options': 'nosniff', 'X-Xss-Protection': '1; mode=block', 'Cache-Control': 'no-cache, no-store, max-age=0, must-revalidate', 'Pragma': 'no-cache', 'Expires': '0', 'Strict-Transport-Security': 'max-age=31536000 ; includeSubDomains', 'X-Frame-Options': 'DENY', 'Content-Type': 'application/json', 'Transfer-Encoding': 'chunked', 'Date': 'Mon, 31 Jan 2022 13:45:14 GMT', 'Via': '1.1 vegur'} 
 body={"id":10,"brandName":"Cholula","sauceName":"Original","description":"Cholula Original Hot Sauce is created from a generations old recipe that features carefully-selectedarbol","url":"https://www.cholula.com/original.html","heat":3600} 
 </msg>
<status status="PASS" starttime="20220131 09:45:14.044" endtime="20220131 09:45:14.370"/>
</kw>
<status status="PASS" starttime="20220131 09:45:14.042" endtime="20220131 09:45:14.371"/>
</test>
<doc>Test Suite Hot Peppers API Registration</doc>
<status status="PASS" starttime="20220131 09:45:13.894" endtime="20220131 09:45:14.371"/>
</suite>
<statistics>
<total>
<stat pass="1" fail="0" skip="0">All Tests</stat>
</total>
<tag>
</tag>
<suite>
<stat pass="1" fail="0" skip="0" id="s1" name="CreateHotPeppers">CreateHotPeppers</stat>
</suite>
</statistics>
<errors>
</errors>
</robot>
