<?xml version="1.0" encoding="UTF-8"?>
<robot generator="Robot 4.1.3 (Python 3.9.9 on darwin)" generated="20220131 10:05:28.152" rpa="false" schemaversion="2">
<suite id="s1" name="CreateHotPeppers" source="/Users/igordias/IdeaProjects/nbcc-apihotpeppers/CreateHotPeppers.robot">
<test id="s1-t1" name="Should register a new Hot Pepper">
<kw name="Factory Hotpeppers" library="HotPeppers">
<var>&amp;{hotpeppers}</var>
<msg timestamp="20220131 10:05:28.439" level="INFO">&amp;{hotpeppers} = { brandName=Stephen Roth | sauceName=Original | description=Cholula Original Hot Sauce is created from a generations old recipe that features carefully-selectedarbol and piquin peppers and a blend of ...</msg>
<status status="PASS" starttime="20220131 10:05:28.438" endtime="20220131 10:05:28.439"/>
</kw>
<kw name="POST" library="RequestsLibrary">
<var>${response}</var>
<arg>${base_url}/api/hotpeppers/</arg>
<arg>json=${hotpeppers}</arg>
<doc>Sends a POST request.</doc>
<msg timestamp="20220131 10:05:28.637" level="INFO">POST Request : url=https://apiqanbccproject.herokuapp.com/api/hotpeppers/ 
 path_url=/api/hotpeppers/ 
 headers={'User-Agent': 'python-requests/2.27.1', 'Accept-Encoding': 'gzip, deflate', 'Accept': '*/*', 'Connection': 'keep-alive', 'Content-Length': '410', 'Content-Type': 'application/json'} 
 body=b'{"brandName": "Stephen Roth", "sauceName": "Original", "description": "Cholula Original Hot Sauce is created from a generations old recipe that features carefully-selectedarbol and piquin peppers and a blend of signature spices. We love it on burgers and chicken but have heard it\\u2019s amazing on pizza. Uncap Real Flavor with Cholula Original.", "url": "https://www.cholula.com/original.html", "heat": 3600}' 
 </msg>
<msg timestamp="20220131 10:05:28.637" level="INFO">POST Response : url=https://apiqanbccproject.herokuapp.com/api/hotpeppers/ 
 status=201, reason= 
 headers={'Server': 'Cowboy', 'Connection': 'keep-alive', 'X-Content-Type-Options': 'nosniff', 'X-Xss-Protection': '1; mode=block', 'Cache-Control': 'no-cache, no-store, max-age=0, must-revalidate', 'Pragma': 'no-cache', 'Expires': '0', 'Strict-Transport-Security': 'max-age=31536000 ; includeSubDomains', 'X-Frame-Options': 'DENY', 'Content-Type': 'application/json', 'Transfer-Encoding': 'chunked', 'Date': 'Mon, 31 Jan 2022 14:05:28 GMT', 'Via': '1.1 vegur'} 
 body={"id":15,"brandName":"Stephen Roth","sauceName":"Original","description":"Cholula Original Hot Sauce is created from a generations old recipe that features carefully-selectedarbol and piquin peppers and a blend of signature spices. We love it on burgers and chicken but have heard it’s amazing on pizza. Uncap Real Flavor with Cholula Original.","url":"https://www.cholula.com/original.html","heat":3600} 
 </msg>
<msg timestamp="20220131 10:05:28.637" level="INFO">${response} = &lt;Response [201]&gt;</msg>
<status status="PASS" starttime="20220131 10:05:28.439" endtime="20220131 10:05:28.637"/>
</kw>
<kw name="Status Should Be" library="RequestsLibrary">
<arg>201</arg>
<arg>${response}</arg>
<doc>Fails if response status code is different than the expected.</doc>
<status status="PASS" starttime="20220131 10:05:28.637" endtime="20220131 10:05:28.638"/>
</kw>
<status status="PASS" starttime="20220131 10:05:28.437" endtime="20220131 10:05:28.638"/>
</test>
<doc>Test Suite Hot Peppers API Registration</doc>
<status status="PASS" starttime="20220131 10:05:28.154" endtime="20220131 10:05:28.639"/>
</suite>
<statistics>
<total>
<stat pass="1" fail="0" skip="0">All Tests</stat>
</total>
<tag>
</tag>
<suite>
<stat pass="1" fail="0" skip="0" id="s1" name="CreateHotPeppers">CreateHotPeppers</stat>
</suite>
</statistics>
<errors>
</errors>
</robot>
