<?xml version="1.0" encoding="UTF-8"?>
<robot generator="Robot 4.1.3 (Python 3.9.9 on darwin)" generated="20220202 16:22:44.605" rpa="false" schemaversion="2">
<suite id="s1" name="SearchHotPeppers" source="/Users/igordias/IdeaProjects/nbcc-apihotpeppers/specs/SearchHotPeppers.robot">
<kw name="Super Setup" library="Base" type="SETUP">
<kw name="Back To The Past" library="Base">
<kw name="DELETE" library="RequestsLibrary">
<arg>${API_URL}/api/hotpeppers</arg>
<doc>Sends a DELETE request.</doc>
<msg timestamp="20220202 16:22:45.571" level="INFO">DELETE Request : url=https://apiqanbccproject.herokuapp.com/api/hotpeppers 
 path_url=/api/hotpeppers 
 headers={'User-Agent': 'python-requests/2.27.1', 'Accept-Encoding': 'gzip, deflate', 'Accept': '*/*', 'Connection': 'keep-alive', 'Content-Length': '0'} 
 body=None 
 </msg>
<msg timestamp="20220202 16:22:45.571" level="INFO">DELETE Response : url=https://apiqanbccproject.herokuapp.com/api/hotpeppers 
 status=200, reason= 
 headers={'Server': 'Cowboy', 'Connection': 'keep-alive', 'X-Content-Type-Options': 'nosniff', 'X-Xss-Protection': '1; mode=block', 'Cache-Control': 'no-cache, no-store, max-age=0, must-revalidate', 'Pragma': 'no-cache', 'Expires': '0', 'Strict-Transport-Security': 'max-age=31536000 ; includeSubDomains', 'X-Frame-Options': 'DENY', 'Content-Length': '0', 'Date': 'Wed, 02 Feb 2022 20:22:45 GMT', 'Via': '1.1 vegur'} 
 body=None 
 </msg>
<status status="PASS" starttime="20220202 16:22:44.751" endtime="20220202 16:22:45.571"/>
</kw>
<status status="PASS" starttime="20220202 16:22:44.750" endtime="20220202 16:22:45.571"/>
</kw>
<status status="PASS" starttime="20220202 16:22:44.750" endtime="20220202 16:22:45.572"/>
</kw>
<test id="s1-t1" name="Search a HotPepper by ID">
<kw name="Factory Heartbeat" library="Heartbeat">
<var>${hotpeppers}</var>
<msg timestamp="20220202 16:22:45.574" level="INFO">${hotpeppers} = {'brandName': 'Heartbeat', 'sauceName': 'Pineapple Habanero', 'description': 'Pineapple Habanero is Heartbeat Hot Sauce’s most recent offering and their spiciest to date!', 'url': 'https://www.saucema...</msg>
<status status="PASS" starttime="20220202 16:22:45.573" endtime="20220202 16:22:45.575"/>
</kw>
<kw name="POST New HotPeppers" library="HotPeppers">
<var>${heartbeat}</var>
<arg>${hotpeppers}</arg>
<kw name="POST" library="RequestsLibrary">
<var>${response}</var>
<arg>${API_URL}/api/hotpeppers/</arg>
<arg>json=${payload}</arg>
<arg>expected_status=any</arg>
<doc>Sends a POST request.</doc>
<msg timestamp="20220202 16:22:45.741" level="INFO">POST Request : url=https://apiqanbccproject.herokuapp.com/api/hotpeppers/ 
 path_url=/api/hotpeppers/ 
 headers={'User-Agent': 'python-requests/2.27.1', 'Accept-Encoding': 'gzip, deflate', 'Accept': '*/*', 'Connection': 'keep-alive', 'Content-Length': '278', 'Content-Type': 'application/json'} 
 body=b'{"brandName": "Heartbeat", "sauceName": "Pineapple Habanero", "description": "Pineapple Habanero is Heartbeat Hot Sauce\\u2019s most recent offering and their spiciest to date!", "url": "https://www.saucemania.com.au/heartbeat-pineapple-habanero-hot-sauce-177ml/", "heat": 12200}' 
 </msg>
<msg timestamp="20220202 16:22:45.741" level="INFO">POST Response : url=https://apiqanbccproject.herokuapp.com/api/hotpeppers/ 
 status=201, reason= 
 headers={'Server': 'Cowboy', 'Connection': 'keep-alive', 'X-Content-Type-Options': 'nosniff', 'X-Xss-Protection': '1; mode=block', 'Cache-Control': 'no-cache, no-store, max-age=0, must-revalidate', 'Pragma': 'no-cache', 'Expires': '0', 'Strict-Transport-Security': 'max-age=31536000 ; includeSubDomains', 'X-Frame-Options': 'DENY', 'Content-Type': 'application/json', 'Transfer-Encoding': 'chunked', 'Date': 'Wed, 02 Feb 2022 20:22:45 GMT', 'Via': '1.1 vegur'} 
 body={"id":5,"brandName":"Heartbeat","sauceName":"Pineapple Habanero","description":"Pineapple Habanero is Heartbeat Hot Sauce’s most recent offering and their spiciest to date!","url":"https://www.saucemania.com.au/heartbeat-pineapple-habanero-hot-sauce-177ml/","heat":12200} 
 </msg>
<msg timestamp="20220202 16:22:45.741" level="INFO">${response} = &lt;Response [201]&gt;</msg>
<status status="PASS" starttime="20220202 16:22:45.576" endtime="20220202 16:22:45.741"/>
</kw>
<msg timestamp="20220202 16:22:45.742" level="INFO">${heartbeat} = &lt;Response [201]&gt;</msg>
<status status="PASS" starttime="20220202 16:22:45.575" endtime="20220202 16:22:45.742"/>
</kw>
<kw name="Set Variable" library="BuiltIn">
<var>${heartbeat_id}</var>
<arg>${heartbeat.json()}[id]</arg>
<doc>Returns the given values which can then be assigned to a variables.</doc>
<msg timestamp="20220202 16:22:45.743" level="INFO">${heartbeat_id} = 5</msg>
<status status="PASS" starttime="20220202 16:22:45.742" endtime="20220202 16:22:45.743"/>
</kw>
<kw name="GET HotPepper By ID" library="HotPeppers">
<var>${response}</var>
<arg>${heartbeat_id}</arg>
<kw name="GET" library="RequestsLibrary">
<var>${response}</var>
<arg>${API_URL}/api/hotpeppers/${hotpepper_id}</arg>
<arg>expected_status=any</arg>
<doc>Sends a GET request.</doc>
<msg timestamp="20220202 16:22:45.928" level="INFO">GET Request : url=https://apiqanbccproject.herokuapp.com/api/hotpeppers/5 
 path_url=/api/hotpeppers/5 
 headers={'User-Agent': 'python-requests/2.27.1', 'Accept-Encoding': 'gzip, deflate', 'Accept': '*/*', 'Connection': 'keep-alive'} 
 body=None 
 </msg>
<msg timestamp="20220202 16:22:45.928" level="INFO">GET Response : url=https://apiqanbccproject.herokuapp.com/api/hotpeppers/5 
 status=200, reason= 
 headers={'Server': 'Cowboy', 'Connection': 'keep-alive', 'X-Content-Type-Options': 'nosniff', 'X-Xss-Protection': '1; mode=block', 'Cache-Control': 'no-cache, no-store, max-age=0, must-revalidate', 'Pragma': 'no-cache', 'Expires': '0', 'Strict-Transport-Security': 'max-age=31536000 ; includeSubDomains', 'X-Frame-Options': 'DENY', 'Content-Type': 'application/json', 'Transfer-Encoding': 'chunked', 'Date': 'Wed, 02 Feb 2022 20:22:45 GMT', 'Via': '1.1 vegur'} 
 body={"id":5,"brandName":"Heartbeat","sauceName":"Pineapple Habanero","description":"Pineapple Habanero is Heartbeat Hot Sauce’s most recent offering and their spiciest to date!","url":"https://www.saucemania.com.au/heartbeat-pineapple-habanero-hot-sauce-177ml/","heat":12200} 
 </msg>
<msg timestamp="20220202 16:22:45.928" level="INFO">${response} = &lt;Response [200]&gt;</msg>
<status status="PASS" starttime="20220202 16:22:45.744" endtime="20220202 16:22:45.928"/>
</kw>
<msg timestamp="20220202 16:22:45.929" level="INFO">${response} = &lt;Response [200]&gt;</msg>
<status status="PASS" starttime="20220202 16:22:45.743" endtime="20220202 16:22:45.929"/>
</kw>
<kw name="Status Should Be" library="RequestsLibrary">
<arg>200</arg>
<arg>${response}</arg>
<doc>Fails if response status code is different than the expected.</doc>
<status status="PASS" starttime="20220202 16:22:45.929" endtime="20220202 16:22:45.929"/>
</kw>
<kw name="Should Be Equal" library="BuiltIn">
<arg>${heartbeat.json()}[brandName]</arg>
<arg>${hotpeppers}[brandName]</arg>
<doc>Fails if the given objects are unequal.</doc>
<status status="PASS" starttime="20220202 16:22:45.929" endtime="20220202 16:22:45.930"/>
</kw>
<kw name="Should Be Equal" library="BuiltIn">
<arg>${heartbeat.json()}[sauceName]</arg>
<arg>${hotpeppers}[sauceName]</arg>
<doc>Fails if the given objects are unequal.</doc>
<status status="PASS" starttime="20220202 16:22:45.931" endtime="20220202 16:22:45.931"/>
</kw>
<kw name="Should Be Equal" library="BuiltIn">
<arg>${heartbeat.json()}[description]</arg>
<arg>${hotpeppers}[description]</arg>
<doc>Fails if the given objects are unequal.</doc>
<status status="PASS" starttime="20220202 16:22:45.932" endtime="20220202 16:22:45.933"/>
</kw>
<kw name="Should Be Equal" library="BuiltIn">
<arg>${heartbeat.json()}[url]</arg>
<arg>${hotpeppers}[url]</arg>
<doc>Fails if the given objects are unequal.</doc>
<status status="PASS" starttime="20220202 16:22:45.933" endtime="20220202 16:22:45.934"/>
</kw>
<kw name="Should Be Equal" library="BuiltIn">
<arg>${heartbeat.json()}[heat]</arg>
<arg>${hotpeppers}[heat]</arg>
<doc>Fails if the given objects are unequal.</doc>
<status status="PASS" starttime="20220202 16:22:45.934" endtime="20220202 16:22:45.935"/>
</kw>
<status status="PASS" starttime="20220202 16:22:45.572" endtime="20220202 16:22:45.936"/>
</test>
<doc>Test Suite Search API Hot Peppers</doc>
<status status="PASS" starttime="20220202 16:22:44.607" endtime="20220202 16:22:45.936"/>
</suite>
<statistics>
<total>
<stat pass="1" fail="0" skip="0">All Tests</stat>
</total>
<tag>
</tag>
<suite>
<stat pass="1" fail="0" skip="0" id="s1" name="SearchHotPeppers">SearchHotPeppers</stat>
</suite>
</statistics>
<errors>
</errors>
</robot>
