<?xml version="1.0" encoding="UTF-8"?>
<robot generator="Robot 4.1.3 (Python 3.9.9 on darwin)" generated="20220202 14:14:21.419" rpa="false" schemaversion="2">
<suite id="s1" name="CreateHotPeppers" source="/Users/igordias/IdeaProjects/nbcc-apihotpeppers/specs/CreateHotPeppers.robot">
<kw name="Super Setup" library="Base" type="SETUP">
<kw name="Back To The Past" library="Base">
<kw name="DELETE" library="RequestsLibrary">
<arg>${API_URL}/api/hotpeppers</arg>
<doc>Sends a DELETE request.</doc>
<msg timestamp="20220202 14:14:44.630" level="INFO">DELETE Request : url=https://apiqanbccproject.herokuapp.com/api/hotpeppers 
 path_url=/api/hotpeppers 
 headers={'User-Agent': 'python-requests/2.27.1', 'Accept-Encoding': 'gzip, deflate', 'Accept': '*/*', 'Connection': 'keep-alive', 'Content-Length': '0'} 
 body=None 
 </msg>
<msg timestamp="20220202 14:14:44.631" level="INFO">DELETE Response : url=https://apiqanbccproject.herokuapp.com/api/hotpeppers 
 status=200, reason= 
 headers={'Server': 'Cowboy', 'Connection': 'keep-alive', 'X-Content-Type-Options': 'nosniff', 'X-Xss-Protection': '1; mode=block', 'Cache-Control': 'no-cache, no-store, max-age=0, must-revalidate', 'Pragma': 'no-cache', 'Expires': '0', 'Strict-Transport-Security': 'max-age=31536000 ; includeSubDomains', 'X-Frame-Options': 'DENY', 'Content-Length': '0', 'Date': 'Wed, 02 Feb 2022 18:14:44 GMT', 'Via': '1.1 vegur'} 
 body=None 
 </msg>
<status status="PASS" starttime="20220202 14:14:21.577" endtime="20220202 14:14:44.631"/>
</kw>
<status status="PASS" starttime="20220202 14:14:21.577" endtime="20220202 14:14:44.631"/>
</kw>
<status status="PASS" starttime="20220202 14:14:21.576" endtime="20220202 14:14:44.631"/>
</kw>
<test id="s1-t1" name="Should register a new Hot Pepper">
<kw name="Factory Torchbearer" library="Torchbearer">
<var>${hotpeppers}</var>
<msg timestamp="20220202 14:14:44.632" level="INFO">${hotpeppers} = {'brandName': 'Torchbearer', 'sauceName': 'Zombie Apocalypse', 'description': 'The Zombie Apocalypse Hot Sauce lives up to its name, combining Ghost Peppers and Habaneros with a mix of spices, vegetab...</msg>
<status status="PASS" starttime="20220202 14:14:44.632" endtime="20220202 14:14:44.632"/>
</kw>
<kw name="POST New HotPeppers" library="HotPeppers">
<var>${response}</var>
<arg>${hotpeppers}</arg>
<kw name="POST" library="RequestsLibrary">
<var>${response}</var>
<arg>${API_URL}/api/hotpeppers/</arg>
<arg>json=${payload}</arg>
<arg>expected_status=any</arg>
<doc>Sends a POST request.</doc>
<msg timestamp="20220202 14:14:44.941" level="INFO">POST Request : url=https://apiqanbccproject.herokuapp.com/api/hotpeppers/ 
 path_url=/api/hotpeppers/ 
 headers={'User-Agent': 'python-requests/2.27.1', 'Accept-Encoding': 'gzip, deflate', 'Accept': '*/*', 'Connection': 'keep-alive', 'Content-Length': '330', 'Content-Type': 'application/json'} 
 body=b'{"brandName": "Torchbearer", "sauceName": "Zombie Apocalypse", "description": "The Zombie Apocalypse Hot Sauce lives up to its name, combining Ghost Peppers and Habaneros with a mix of spices, vegetables, and vinegar to create a slow burning blow torch.", "url": "https://heatonist.com/products/zombie-apocalypse", "heat": 100000}' 
 </msg>
<msg timestamp="20220202 14:14:44.942" level="INFO">POST Response : url=https://apiqanbccproject.herokuapp.com/api/hotpeppers/ 
 status=201, reason= 
 headers={'Server': 'Cowboy', 'Connection': 'keep-alive', 'X-Content-Type-Options': 'nosniff', 'X-Xss-Protection': '1; mode=block', 'Cache-Control': 'no-cache, no-store, max-age=0, must-revalidate', 'Pragma': 'no-cache', 'Expires': '0', 'Strict-Transport-Security': 'max-age=31536000 ; includeSubDomains', 'X-Frame-Options': 'DENY', 'Content-Type': 'application/json', 'Transfer-Encoding': 'chunked', 'Date': 'Wed, 02 Feb 2022 18:14:44 GMT', 'Via': '1.1 vegur'} 
 body={"id":1,"brandName":"Torchbearer","sauceName":"Zombie Apocalypse","description":"The Zombie Apocalypse Hot Sauce lives up to its name, combining Ghost Peppers and Habaneros with a mix of spices, vegetables, and vinegar to create a slow burning blow torch.","url":"https://heatonist.com/products/zombie-apocalypse","heat":100000} 
 </msg>
<msg timestamp="20220202 14:14:44.942" level="INFO">${response} = &lt;Response [201]&gt;</msg>
<status status="PASS" starttime="20220202 14:14:44.633" endtime="20220202 14:14:44.942"/>
</kw>
<msg timestamp="20220202 14:14:44.942" level="INFO">${response} = &lt;Response [201]&gt;</msg>
<status status="PASS" starttime="20220202 14:14:44.632" endtime="20220202 14:14:44.942"/>
</kw>
<kw name="Status Should Be" library="RequestsLibrary">
<arg>201</arg>
<arg>${response}</arg>
<doc>Fails if response status code is different than the expected.</doc>
<status status="PASS" starttime="20220202 14:14:44.942" endtime="20220202 14:14:44.943"/>
</kw>
<status status="PASS" starttime="20220202 14:14:44.631" endtime="20220202 14:14:44.943"/>
</test>
<doc>Test Suite Hot Peppers API Registration</doc>
<status status="PASS" starttime="20220202 14:14:21.420" endtime="20220202 14:14:44.944"/>
</suite>
<statistics>
<total>
<stat pass="1" fail="0" skip="0">All Tests</stat>
</total>
<tag>
</tag>
<suite>
<stat pass="1" fail="0" skip="0" id="s1" name="CreateHotPeppers">CreateHotPeppers</stat>
</suite>
</statistics>
<errors>
</errors>
</robot>
