<?xml version="1.0" encoding="UTF-8"?>
<robot generator="Robot 4.1.3 (Python 3.9.9 on darwin)" generated="20220202 16:12:03.902" rpa="false" schemaversion="2">
<suite id="s1" name="Specs" source="/Users/igordias/IdeaProjects/nbcc-apihotpeppers/specs">
<suite id="s1-s1" name="CreateHotPeppers" source="/Users/igordias/IdeaProjects/nbcc-apihotpeppers/specs/CreateHotPeppers.robot">
<kw name="Super Setup" library="Base" type="SETUP">
<kw name="Back To The Past" library="Base">
<kw name="DELETE" library="RequestsLibrary">
<arg>${API_URL}/api/hotpeppers</arg>
<doc>Sends a DELETE request.</doc>
<msg timestamp="20220202 16:12:04.254" level="INFO">DELETE Request : url=https://apiqanbccproject.herokuapp.com/api/hotpeppers 
 path_url=/api/hotpeppers 
 headers={'User-Agent': 'python-requests/2.27.1', 'Accept-Encoding': 'gzip, deflate', 'Accept': '*/*', 'Connection': 'keep-alive', 'Content-Length': '0'} 
 body=None 
 </msg>
<msg timestamp="20220202 16:12:04.254" level="INFO">DELETE Response : url=https://apiqanbccproject.herokuapp.com/api/hotpeppers 
 status=200, reason= 
 headers={'Server': 'Cowboy', 'Connection': 'keep-alive', 'X-Content-Type-Options': 'nosniff', 'X-Xss-Protection': '1; mode=block', 'Cache-Control': 'no-cache, no-store, max-age=0, must-revalidate', 'Pragma': 'no-cache', 'Expires': '0', 'Strict-Transport-Security': 'max-age=31536000 ; includeSubDomains', 'X-Frame-Options': 'DENY', 'Content-Length': '0', 'Date': 'Wed, 02 Feb 2022 20:12:04 GMT', 'Via': '1.1 vegur'} 
 body=None 
 </msg>
<status status="PASS" starttime="20220202 16:12:04.058" endtime="20220202 16:12:04.254"/>
</kw>
<status status="PASS" starttime="20220202 16:12:04.058" endtime="20220202 16:12:04.255"/>
</kw>
<status status="PASS" starttime="20220202 16:12:04.057" endtime="20220202 16:12:04.255"/>
</kw>
<test id="s1-s1-t1" name="Should register a new Hot Pepper">
<kw name="Factory Torchbearer" library="Torchbearer">
<var>${hotpeppers}</var>
<msg timestamp="20220202 16:12:04.256" level="INFO">${hotpeppers} = {'brandName': 'Torchbearer', 'sauceName': 'Zombie Apocalypse', 'description': 'The Zombie Apocalypse Hot Sauce lives up to its name, combining Ghost Peppers and Habaneros with a mix of spices, vegetab...</msg>
<status status="PASS" starttime="20220202 16:12:04.256" endtime="20220202 16:12:04.256"/>
</kw>
<kw name="POST New HotPeppers" library="HotPeppers">
<var>${response}</var>
<arg>${hotpeppers}</arg>
<kw name="POST" library="RequestsLibrary">
<var>${response}</var>
<arg>${API_URL}/api/hotpeppers/</arg>
<arg>json=${payload}</arg>
<arg>expected_status=any</arg>
<doc>Sends a POST request.</doc>
<msg timestamp="20220202 16:12:04.406" level="INFO">POST Request : url=https://apiqanbccproject.herokuapp.com/api/hotpeppers/ 
 path_url=/api/hotpeppers/ 
 headers={'User-Agent': 'python-requests/2.27.1', 'Accept-Encoding': 'gzip, deflate', 'Accept': '*/*', 'Connection': 'keep-alive', 'Content-Length': '330', 'Content-Type': 'application/json'} 
 body=b'{"brandName": "Torchbearer", "sauceName": "Zombie Apocalypse", "description": "The Zombie Apocalypse Hot Sauce lives up to its name, combining Ghost Peppers and Habaneros with a mix of spices, vegetables, and vinegar to create a slow burning blow torch.", "url": "https://heatonist.com/products/zombie-apocalypse", "heat": 100000}' 
 </msg>
<msg timestamp="20220202 16:12:04.407" level="INFO">POST Response : url=https://apiqanbccproject.herokuapp.com/api/hotpeppers/ 
 status=201, reason= 
 headers={'Server': 'Cowboy', 'Connection': 'keep-alive', 'X-Content-Type-Options': 'nosniff', 'X-Xss-Protection': '1; mode=block', 'Cache-Control': 'no-cache, no-store, max-age=0, must-revalidate', 'Pragma': 'no-cache', 'Expires': '0', 'Strict-Transport-Security': 'max-age=31536000 ; includeSubDomains', 'X-Frame-Options': 'DENY', 'Content-Type': 'application/json', 'Transfer-Encoding': 'chunked', 'Date': 'Wed, 02 Feb 2022 20:12:04 GMT', 'Via': '1.1 vegur'} 
 body={"id":3,"brandName":"Torchbearer","sauceName":"Zombie Apocalypse","description":"The Zombie Apocalypse Hot Sauce lives up to its name, combining Ghost Peppers and Habaneros with a mix of spices, vegetables, and vinegar to create a slow burning blow torch.","url":"https://heatonist.com/products/zombie-apocalypse","heat":100000} 
 </msg>
<msg timestamp="20220202 16:12:04.407" level="INFO">${response} = &lt;Response [201]&gt;</msg>
<status status="PASS" starttime="20220202 16:12:04.257" endtime="20220202 16:12:04.407"/>
</kw>
<msg timestamp="20220202 16:12:04.407" level="INFO">${response} = &lt;Response [201]&gt;</msg>
<status status="PASS" starttime="20220202 16:12:04.256" endtime="20220202 16:12:04.408"/>
</kw>
<kw name="Status Should Be" library="RequestsLibrary">
<arg>201</arg>
<arg>${response}</arg>
<doc>Fails if response status code is different than the expected.</doc>
<status status="PASS" starttime="20220202 16:12:04.408" endtime="20220202 16:12:04.408"/>
</kw>
<status status="PASS" starttime="20220202 16:12:04.255" endtime="20220202 16:12:04.408"/>
</test>
<doc>Test Suite Registration API Hot Peppers API</doc>
<status status="PASS" starttime="20220202 16:12:03.931" endtime="20220202 16:12:04.409"/>
</suite>
<suite id="s1-s2" name="SearchHotPeppers" source="/Users/igordias/IdeaProjects/nbcc-apihotpeppers/specs/SearchHotPeppers.robot">
<kw name="Super Setup" library="Base" type="SETUP">
<kw name="Back To The Past" library="Base">
<kw name="DELETE" library="RequestsLibrary">
<arg>${API_URL}/api/hotpeppers</arg>
<doc>Sends a DELETE request.</doc>
<msg timestamp="20220202 16:12:04.568" level="INFO">DELETE Request : url=https://apiqanbccproject.herokuapp.com/api/hotpeppers 
 path_url=/api/hotpeppers 
 headers={'User-Agent': 'python-requests/2.27.1', 'Accept-Encoding': 'gzip, deflate', 'Accept': '*/*', 'Connection': 'keep-alive', 'Content-Length': '0'} 
 body=None 
 </msg>
<msg timestamp="20220202 16:12:04.568" level="INFO">DELETE Response : url=https://apiqanbccproject.herokuapp.com/api/hotpeppers 
 status=200, reason= 
 headers={'Server': 'Cowboy', 'Connection': 'keep-alive', 'X-Content-Type-Options': 'nosniff', 'X-Xss-Protection': '1; mode=block', 'Cache-Control': 'no-cache, no-store, max-age=0, must-revalidate', 'Pragma': 'no-cache', 'Expires': '0', 'Strict-Transport-Security': 'max-age=31536000 ; includeSubDomains', 'X-Frame-Options': 'DENY', 'Content-Length': '0', 'Date': 'Wed, 02 Feb 2022 20:12:04 GMT', 'Via': '1.1 vegur'} 
 body=None 
 </msg>
<status status="PASS" starttime="20220202 16:12:04.418" endtime="20220202 16:12:04.568"/>
</kw>
<status status="PASS" starttime="20220202 16:12:04.417" endtime="20220202 16:12:04.569"/>
</kw>
<status status="PASS" starttime="20220202 16:12:04.417" endtime="20220202 16:12:04.569"/>
</kw>
<test id="s1-s2-t1" name="Search a HotPepper by ID">
<kw name="Factory Cholula" library="Cholula">
<var>${hotpeppers}</var>
<msg timestamp="20220202 16:12:04.571" level="INFO">${hotpeppers} = {'brandName': 'Cholula', 'sauceName': 'Original', 'description': 'Cholula Original Hot Sauce is created from a generations old recipe that features carefully-selectedarbol and piquin peppers and a ble...</msg>
<status status="PASS" starttime="20220202 16:12:04.570" endtime="20220202 16:12:04.571"/>
</kw>
<kw name="POST New HotPeppers" library="HotPeppers">
<var>${cholula}</var>
<arg>${hotpeppers}</arg>
<kw name="POST" library="RequestsLibrary">
<var>${response}</var>
<arg>${API_URL}/api/hotpeppers/</arg>
<arg>json=${payload}</arg>
<arg>expected_status=any</arg>
<doc>Sends a POST request.</doc>
<msg timestamp="20220202 16:12:04.728" level="INFO">POST Request : url=https://apiqanbccproject.herokuapp.com/api/hotpeppers/ 
 path_url=/api/hotpeppers/ 
 headers={'User-Agent': 'python-requests/2.27.1', 'Accept-Encoding': 'gzip, deflate', 'Accept': '*/*', 'Connection': 'keep-alive', 'Content-Length': '405', 'Content-Type': 'application/json'} 
 body=b'{"brandName": "Cholula", "sauceName": "Original", "description": "Cholula Original Hot Sauce is created from a generations old recipe that features carefully-selectedarbol and piquin peppers and a blend of signature spices. We love it on burgers and chicken but have heard it\\u2019s amazing on pizza. Uncap Real Flavor with Cholula Original.", "url": "https://www.cholula.com/original.html", "heat": 3600}' 
 </msg>
<msg timestamp="20220202 16:12:04.728" level="INFO">POST Response : url=https://apiqanbccproject.herokuapp.com/api/hotpeppers/ 
 status=201, reason= 
 headers={'Server': 'Cowboy', 'Connection': 'keep-alive', 'X-Content-Type-Options': 'nosniff', 'X-Xss-Protection': '1; mode=block', 'Cache-Control': 'no-cache, no-store, max-age=0, must-revalidate', 'Pragma': 'no-cache', 'Expires': '0', 'Strict-Transport-Security': 'max-age=31536000 ; includeSubDomains', 'X-Frame-Options': 'DENY', 'Content-Type': 'application/json', 'Transfer-Encoding': 'chunked', 'Date': 'Wed, 02 Feb 2022 20:12:04 GMT', 'Via': '1.1 vegur'} 
 body={"id":4,"brandName":"Cholula","sauceName":"Original","description":"Cholula Original Hot Sauce is created from a generations old recipe that features carefully-selectedarbol and piquin peppers and a blend of signature spices. We love it on burgers and chicken but have heard it’s amazing on pizza. Uncap Real Flavor with Cholula Original.","url":"https://www.cholula.com/original.html","heat":3600} 
 </msg>
<msg timestamp="20220202 16:12:04.729" level="INFO">${response} = &lt;Response [201]&gt;</msg>
<status status="PASS" starttime="20220202 16:12:04.572" endtime="20220202 16:12:04.729"/>
</kw>
<msg timestamp="20220202 16:12:04.730" level="INFO">${cholula} = &lt;Response [201]&gt;</msg>
<status status="PASS" starttime="20220202 16:12:04.572" endtime="20220202 16:12:04.730"/>
</kw>
<kw name="Set Variable" library="BuiltIn">
<var>${cholula_id}</var>
<arg>${cholula.json()}[id]</arg>
<doc>Returns the given values which can then be assigned to a variables.</doc>
<msg timestamp="20220202 16:12:04.731" level="INFO">${cholula_id} = 4</msg>
<status status="PASS" starttime="20220202 16:12:04.730" endtime="20220202 16:12:04.731"/>
</kw>
<kw name="GET HotPepper By ID" library="HotPeppers">
<var>${response}</var>
<arg>${cholula_id}</arg>
<kw name="GET" library="RequestsLibrary">
<var>${response}</var>
<arg>${API_URL}/api/hotpeppers/${hotpepper_id}</arg>
<arg>expected_status=any</arg>
<doc>Sends a GET request.</doc>
<msg timestamp="20220202 16:12:04.893" level="INFO">GET Request : url=https://apiqanbccproject.herokuapp.com/api/hotpeppers/4 
 path_url=/api/hotpeppers/4 
 headers={'User-Agent': 'python-requests/2.27.1', 'Accept-Encoding': 'gzip, deflate', 'Accept': '*/*', 'Connection': 'keep-alive'} 
 body=None 
 </msg>
<msg timestamp="20220202 16:12:04.893" level="INFO">GET Response : url=https://apiqanbccproject.herokuapp.com/api/hotpeppers/4 
 status=200, reason= 
 headers={'Server': 'Cowboy', 'Connection': 'keep-alive', 'X-Content-Type-Options': 'nosniff', 'X-Xss-Protection': '1; mode=block', 'Cache-Control': 'no-cache, no-store, max-age=0, must-revalidate', 'Pragma': 'no-cache', 'Expires': '0', 'Strict-Transport-Security': 'max-age=31536000 ; includeSubDomains', 'X-Frame-Options': 'DENY', 'Content-Type': 'application/json', 'Transfer-Encoding': 'chunked', 'Date': 'Wed, 02 Feb 2022 20:12:04 GMT', 'Via': '1.1 vegur'} 
 body={"id":4,"brandName":"Cholula","sauceName":"Original","description":"Cholula Original Hot Sauce is created from a generations old recipe that features carefully-selectedarbol and piquin peppers and a blend of signature spices. We love it on burgers and chicken but have heard it’s amazing on pizza. Uncap Real Flavor with Cholula Original.","url":"https://www.cholula.com/original.html","heat":3600} 
 </msg>
<msg timestamp="20220202 16:12:04.893" level="INFO">${response} = &lt;Response [200]&gt;</msg>
<status status="PASS" starttime="20220202 16:12:04.732" endtime="20220202 16:12:04.894"/>
</kw>
<msg timestamp="20220202 16:12:04.894" level="INFO">${response} = &lt;Response [200]&gt;</msg>
<status status="PASS" starttime="20220202 16:12:04.731" endtime="20220202 16:12:04.894"/>
</kw>
<kw name="Status Should Be" library="RequestsLibrary">
<arg>200</arg>
<arg>${response}</arg>
<doc>Fails if response status code is different than the expected.</doc>
<status status="PASS" starttime="20220202 16:12:04.894" endtime="20220202 16:12:04.894"/>
</kw>
<status status="PASS" starttime="20220202 16:12:04.569" endtime="20220202 16:12:04.895"/>
</test>
<doc>Test Suite Search API Hot Peppers</doc>
<status status="PASS" starttime="20220202 16:12:04.410" endtime="20220202 16:12:04.895"/>
</suite>
<status status="PASS" starttime="20220202 16:12:03.903" endtime="20220202 16:12:04.896"/>
</suite>
<statistics>
<total>
<stat pass="2" fail="0" skip="0">All Tests</stat>
</total>
<tag>
</tag>
<suite>
<stat pass="2" fail="0" skip="0" id="s1" name="Specs">Specs</stat>
<stat pass="1" fail="0" skip="0" id="s1-s1" name="CreateHotPeppers">Specs.CreateHotPeppers</stat>
<stat pass="1" fail="0" skip="0" id="s1-s2" name="SearchHotPeppers">Specs.SearchHotPeppers</stat>
</suite>
</statistics>
<errors>
</errors>
</robot>
